  [1m[36m (1.1ms)[0m  [1mCREATE TABLE "schema_migrations" ("version" varchar NOT NULL) [0m
  [1m[35m (0.4ms)[0m  select sqlite_version(*)
  [1m[36m (1.0ms)[0m  [1mCREATE UNIQUE INDEX "unique_schema_migrations" ON "schema_migrations" ("version")[0m
  [1m[35mActiveRecord::SchemaMigration Load (0.1ms)[0m  SELECT "schema_migrations".* FROM "schema_migrations"
Migrating to AddPartNumberToProducts (20160111194238)
  [1m[36m (0.1ms)[0m  [1mbegin transaction[0m
  [1m[35mSQL (0.6ms)[0m  INSERT INTO "schema_migrations" ("version") VALUES (?)  [["version", "20160111194238"]]
  [1m[36m (1.8ms)[0m  [1mcommit transaction[0m
Migrating to CreateProducts (20160111194423)
  [1m[35m (0.1ms)[0m  begin transaction
  [1m[36m (0.5ms)[0m  [1mCREATE TABLE "products" ("id" INTEGER PRIMARY KEY AUTOINCREMENT NOT NULL, "name" varchar, "part_number" varchar) [0m
  [1m[35mSQL (0.2ms)[0m  INSERT INTO "schema_migrations" ("version") VALUES (?)  [["version", "20160111194423"]]
  [1m[36m (1.1ms)[0m  [1mcommit transaction[0m
Migrating to AddDetailsToProducts (20160111194443)
  [1m[35m (0.1ms)[0m  begin transaction
  [1m[36m (0.8ms)[0m  [1mALTER TABLE "products" ADD "price" decimal(5,2)[0m
  [1m[35m (0.2ms)[0m  ALTER TABLE "products" ADD "supplier_id" integer
  [1m[36m (0.2ms)[0m  [1mALTER TABLE "products" ADD "supplier_type" varchar[0m
  [1m[35m (0.2ms)[0m  CREATE  INDEX "index_products_on_supplier_type_and_supplier_id" ON "products" ("supplier_type", "supplier_id")
  [1m[36mSQL (0.2ms)[0m  [1mINSERT INTO "schema_migrations" ("version") VALUES (?)[0m  [["version", "20160111194443"]]
  [1m[35m (1.2ms)[0m  commit transaction
  [1m[36mActiveRecord::SchemaMigration Load (0.2ms)[0m  [1mSELECT "schema_migrations".* FROM "schema_migrations"[0m
  [1m[35m (0.1ms)[0m              SELECT sql
            FROM sqlite_master
            WHERE name='index_products_on_supplier_type_and_supplier_id' AND type='index'
            UNION ALL
            SELECT sql
            FROM sqlite_temp_master
            WHERE name='index_products_on_supplier_type_and_supplier_id' AND type='index'

